This file contains any messages produced by compilers while
running configure, to aid debugging if configure makes a mistake.

It was created by configure, which was
generated by GNU Autoconf 2.69.  Invocation command line was

  $ ./configure 

## --------- ##
## Platform. ##
## --------- ##

hostname = kartik-VirtualBox
uname -m = x86_64
uname -r = 5.0.0-37-generic
uname -s = Linux
uname -v = #40~18.04.1-Ubuntu SMP Thu Nov 14 12:06:39 UTC 2019

/usr/bin/uname -p = unknown
/bin/uname -X     = unknown

/bin/arch              = unknown
/usr/bin/arch -k       = unknown
/usr/convex/getsysinfo = unknown
/usr/bin/hostinfo      = unknown
/bin/machine           = unknown
/usr/bin/oslevel       = unknown
/bin/universe          = unknown

PATH: /usr/local/sbin
PATH: /usr/local/bin
PATH: /usr/sbin
PATH: /usr/bin
PATH: /sbin
PATH: /bin
PATH: /snap/bin


## ----------- ##
## Core tests. ##
## ----------- ##

configure:2488: checking build system type
configure:2502: result: x86_64-unknown-linux-gnu
configure:2522: checking host system type
configure:2535: result: x86_64-unknown-linux-gnu
configure:2555: checking target system type
configure:2568: result: x86_64-unknown-linux-gnu
configure:2660: checking for gcc
configure:2676: found /usr/bin/gcc
configure:2687: result: gcc
configure:2916: checking for C compiler version
configure:2925: gcc --version >&5
gcc (Ubuntu 7.4.0-1ubuntu1~18.04.1) 7.4.0
Copyright (C) 2017 Free Software Foundation, Inc.
This is free software; see the source for copying conditions.  There is NO
warranty; not even for MERCHANTABILITY or FITNESS FOR A PARTICULAR PURPOSE.

configure:2936: $? = 0
configure:2925: gcc -v >&5
Using built-in specs.
COLLECT_GCC=gcc
COLLECT_LTO_WRAPPER=/usr/lib/gcc/x86_64-linux-gnu/7/lto-wrapper
OFFLOAD_TARGET_NAMES=nvptx-none
OFFLOAD_TARGET_DEFAULT=1
Target: x86_64-linux-gnu
Configured with: ../src/configure -v --with-pkgversion='Ubuntu 7.4.0-1ubuntu1~18.04.1' --with-bugurl=file:///usr/share/doc/gcc-7/README.Bugs --enable-languages=c,ada,c++,go,brig,d,fortran,objc,obj-c++ --prefix=/usr --with-gcc-major-version-only --program-suffix=-7 --program-prefix=x86_64-linux-gnu- --enable-shared --enable-linker-build-id --libexecdir=/usr/lib --without-included-gettext --enable-threads=posix --libdir=/usr/lib --enable-nls --with-sysroot=/ --enable-clocale=gnu --enable-libstdcxx-debug --enable-libstdcxx-time=yes --with-default-libstdcxx-abi=new --enable-gnu-unique-object --disable-vtable-verify --enable-libmpx --enable-plugin --enable-default-pie --with-system-zlib --with-target-system-zlib --enable-objc-gc=auto --enable-multiarch --disable-werror --with-arch-32=i686 --with-abi=m64 --with-multilib-list=m32,m64,mx32 --enable-multilib --with-tune=generic --enable-offload-targets=nvptx-none --without-cuda-driver --enable-checking=release --build=x86_64-linux-gnu --host=x86_64-linux-gnu --target=x86_64-linux-gnu
Thread model: posix
gcc version 7.4.0 (Ubuntu 7.4.0-1ubuntu1~18.04.1) 
configure:2936: $? = 0
configure:2925: gcc -V >&5
gcc: error: unrecognized command line option '-V'
gcc: fatal error: no input files
compilation terminated.
configure:2936: $? = 1
configure:2925: gcc -qversion >&5
gcc: error: unrecognized command line option '-qversion'; did you mean '--version'?
gcc: fatal error: no input files
compilation terminated.
configure:2936: $? = 1
configure:2956: checking whether the C compiler works
configure:2978: gcc -g   conftest.c  >&5
configure:2982: $? = 0
configure:3030: result: yes
configure:3033: checking for C compiler default output file name
configure:3035: result: a.out
configure:3041: checking for suffix of executables
configure:3048: gcc -o conftest -g   conftest.c  >&5
configure:3052: $? = 0
configure:3074: result: 
configure:3096: checking whether we are cross compiling
configure:3104: gcc -o conftest -g   conftest.c  >&5
configure:3108: $? = 0
configure:3115: ./conftest
configure:3119: $? = 0
configure:3134: result: no
configure:3139: checking for suffix of object files
configure:3161: gcc -c -g  conftest.c >&5
configure:3165: $? = 0
configure:3186: result: o
configure:3190: checking whether we are using the GNU C compiler
configure:3209: gcc -c -g  conftest.c >&5
configure:3209: $? = 0
configure:3218: result: yes
configure:3227: checking whether gcc accepts -g
configure:3247: gcc -c -g  conftest.c >&5
configure:3247: $? = 0
configure:3288: result: yes
configure:3305: checking for gcc option to accept ISO C89
configure:3368: gcc  -c -g  conftest.c >&5
configure:3368: $? = 0
configure:3381: result: none needed
configure:3406: checking how to run the C preprocessor
configure:3437: gcc -E  conftest.c
configure:3437: $? = 0
configure:3451: gcc -E  conftest.c
conftest.c:11:10: fatal error: ac_nonexistent.h: No such file or directory
 #include <ac_nonexistent.h>
          ^~~~~~~~~~~~~~~~~~
compilation terminated.
configure:3451: $? = 1
configure: failed program was:
| /* confdefs.h */
| #define PACKAGE_NAME ""
| #define PACKAGE_TARNAME ""
| #define PACKAGE_VERSION ""
| #define PACKAGE_STRING ""
| #define PACKAGE_BUGREPORT ""
| #define PACKAGE_URL ""
| #define MAGIC_VERSION "8.2"
| #define MAGIC_REVISION "172"
| /* end confdefs.h.  */
| #include <ac_nonexistent.h>
configure:3476: result: gcc -E
configure:3496: gcc -E  conftest.c
configure:3496: $? = 0
configure:3510: gcc -E  conftest.c
conftest.c:11:10: fatal error: ac_nonexistent.h: No such file or directory
 #include <ac_nonexistent.h>
          ^~~~~~~~~~~~~~~~~~
compilation terminated.
configure:3510: $? = 1
configure: failed program was:
| /* confdefs.h */
| #define PACKAGE_NAME ""
| #define PACKAGE_TARNAME ""
| #define PACKAGE_VERSION ""
| #define PACKAGE_STRING ""
| #define PACKAGE_BUGREPORT ""
| #define PACKAGE_URL ""
| #define MAGIC_VERSION "8.2"
| #define MAGIC_REVISION "172"
| /* end confdefs.h.  */
| #include <ac_nonexistent.h>
configure:3596: checking for g++
configure:3612: found /usr/bin/g++
configure:3623: result: g++
configure:3650: checking for C++ compiler version
configure:3659: g++ --version >&5
g++ (Ubuntu 7.4.0-1ubuntu1~18.04.1) 7.4.0
Copyright (C) 2017 Free Software Foundation, Inc.
This is free software; see the source for copying conditions.  There is NO
warranty; not even for MERCHANTABILITY or FITNESS FOR A PARTICULAR PURPOSE.

configure:3670: $? = 0
configure:3659: g++ -v >&5
Using built-in specs.
COLLECT_GCC=g++
COLLECT_LTO_WRAPPER=/usr/lib/gcc/x86_64-linux-gnu/7/lto-wrapper
OFFLOAD_TARGET_NAMES=nvptx-none
OFFLOAD_TARGET_DEFAULT=1
Target: x86_64-linux-gnu
Configured with: ../src/configure -v --with-pkgversion='Ubuntu 7.4.0-1ubuntu1~18.04.1' --with-bugurl=file:///usr/share/doc/gcc-7/README.Bugs --enable-languages=c,ada,c++,go,brig,d,fortran,objc,obj-c++ --prefix=/usr --with-gcc-major-version-only --program-suffix=-7 --program-prefix=x86_64-linux-gnu- --enable-shared --enable-linker-build-id --libexecdir=/usr/lib --without-included-gettext --enable-threads=posix --libdir=/usr/lib --enable-nls --with-sysroot=/ --enable-clocale=gnu --enable-libstdcxx-debug --enable-libstdcxx-time=yes --with-default-libstdcxx-abi=new --enable-gnu-unique-object --disable-vtable-verify --enable-libmpx --enable-plugin --enable-default-pie --with-system-zlib --with-target-system-zlib --enable-objc-gc=auto --enable-multiarch --disable-werror --with-arch-32=i686 --with-abi=m64 --with-multilib-list=m32,m64,mx32 --enable-multilib --with-tune=generic --enable-offload-targets=nvptx-none --without-cuda-driver --enable-checking=release --build=x86_64-linux-gnu --host=x86_64-linux-gnu --target=x86_64-linux-gnu
Thread model: posix
gcc version 7.4.0 (Ubuntu 7.4.0-1ubuntu1~18.04.1) 
configure:3670: $? = 0
configure:3659: g++ -V >&5
g++: error: unrecognized command line option '-V'
g++: fatal error: no input files
compilation terminated.
configure:3670: $? = 1
configure:3659: g++ -qversion >&5
g++: error: unrecognized command line option '-qversion'; did you mean '--version'?
g++: fatal error: no input files
compilation terminated.
configure:3670: $? = 1
configure:3674: checking whether we are using the GNU C++ compiler
configure:3693: g++ -c   conftest.cpp >&5
configure:3693: $? = 0
configure:3702: result: yes
configure:3711: checking whether g++ accepts -g
configure:3731: g++ -c -g  conftest.cpp >&5
configure:3731: $? = 0
configure:3772: result: yes
configure:3796: checking for library containing strerror
configure:3827: gcc -o conftest -g   conftest.c  >&5
configure:3827: $? = 0
configure:3844: result: none required
configure:3866: checking for a BSD-compatible install
configure:3934: result: /usr/bin/install -c
configure:3988: checking for ranlib
configure:4004: found /usr/bin/ranlib
configure:4015: result: ranlib
configure:4042: checking for gm4
configure:4075: result: no
configure:4042: checking for gnum4
configure:4075: result: no
configure:4042: checking for m4
configure:4060: found /usr/bin/m4
configure:4072: result: /usr/bin/m4
configure:4090: checking for python3
configure:4108: found /usr/bin/python3
configure:4121: result: /usr/bin/python3
configure:4166: checking for ld used by GCC
configure:4229: result: /usr/bin/ld
configure:4236: checking if the linker (/usr/bin/ld) is GNU ld
GNU ld (GNU Binutils for Ubuntu) 2.30
configure:4248: result: yes
configure:4255: checking for grep that handles long lines and -e
configure:4313: result: /bin/grep
configure:4318: checking for egrep
configure:4380: result: /bin/grep -E
configure:4385: checking for ANSI C header files
configure:4405: gcc -c -g  conftest.c >&5
configure:4405: $? = 0
configure:4478: gcc -o conftest -g   conftest.c  >&5
configure:4478: $? = 0
configure:4478: ./conftest
configure:4478: $? = 0
configure:4489: result: yes
configure:4502: checking for sys/types.h
configure:4502: gcc -c -g  conftest.c >&5
configure:4502: $? = 0
configure:4502: result: yes
configure:4502: checking for sys/stat.h
configure:4502: gcc -c -g  conftest.c >&5
configure:4502: $? = 0
configure:4502: result: yes
configure:4502: checking for stdlib.h
configure:4502: gcc -c -g  conftest.c >&5
configure:4502: $? = 0
configure:4502: result: yes
configure:4502: checking for string.h
configure:4502: gcc -c -g  conftest.c >&5
configure:4502: $? = 0
configure:4502: result: yes
configure:4502: checking for memory.h
configure:4502: gcc -c -g  conftest.c >&5
configure:4502: $? = 0
configure:4502: result: yes
configure:4502: checking for strings.h
configure:4502: gcc -c -g  conftest.c >&5
configure:4502: $? = 0
configure:4502: result: yes
configure:4502: checking for inttypes.h
configure:4502: gcc -c -g  conftest.c >&5
configure:4502: $? = 0
configure:4502: result: yes
configure:4502: checking for stdint.h
configure:4502: gcc -c -g  conftest.c >&5
configure:4502: $? = 0
configure:4502: result: yes
configure:4502: checking for unistd.h
configure:4502: gcc -c -g  conftest.c >&5
configure:4502: $? = 0
configure:4502: result: yes
configure:4518: checking size of void *
configure:4523: gcc -o conftest -g   conftest.c  >&5
configure:4523: $? = 0
configure:4523: ./conftest
configure:4523: $? = 0
configure:4537: result: 8
configure:4551: checking size of unsigned int
configure:4556: gcc -o conftest -g   conftest.c  >&5
configure:4556: $? = 0
configure:4556: ./conftest
configure:4556: $? = 0
configure:4570: result: 4
configure:4584: checking size of unsigned long
configure:4589: gcc -o conftest -g   conftest.c  >&5
configure:4589: $? = 0
configure:4589: ./conftest
configure:4589: $? = 0
configure:4603: result: 8
configure:4617: checking size of unsigned long long
configure:4622: gcc -o conftest -g   conftest.c  >&5
configure:4622: $? = 0
configure:4622: ./conftest
configure:4622: $? = 0
configure:4636: result: 8
configure:4647: checking whether byte ordering is bigendian
configure:4662: gcc -c -g  conftest.c >&5
conftest.c:26:9: error: unknown type name 'not'
         not a universal capable compiler
         ^~~
conftest.c:26:15: error: expected '=', ',', ';', 'asm' or '__attribute__' before 'universal'
         not a universal capable compiler
               ^~~~~~~~~
conftest.c:26:15: error: unknown type name 'universal'
configure:4662: $? = 1
configure: failed program was:
| /* confdefs.h */
| #define PACKAGE_NAME ""
| #define PACKAGE_TARNAME ""
| #define PACKAGE_VERSION ""
| #define PACKAGE_STRING ""
| #define PACKAGE_BUGREPORT ""
| #define PACKAGE_URL ""
| #define MAGIC_VERSION "8.2"
| #define MAGIC_REVISION "172"
| #define STDC_HEADERS 1
| #define HAVE_SYS_TYPES_H 1
| #define HAVE_SYS_STAT_H 1
| #define HAVE_STDLIB_H 1
| #define HAVE_STRING_H 1
| #define HAVE_MEMORY_H 1
| #define HAVE_STRINGS_H 1
| #define HAVE_INTTYPES_H 1
| #define HAVE_STDINT_H 1
| #define HAVE_UNISTD_H 1
| #define SIZEOF_VOID_P 8
| #define SIZEOF_UNSIGNED_INT 4
| #define SIZEOF_UNSIGNED_LONG 8
| #define SIZEOF_UNSIGNED_LONG_LONG 8
| /* end confdefs.h.  */
| #ifndef __APPLE_CC__
| 	       not a universal capable compiler
| 	     #endif
| 	     typedef int dummy;
| 
configure:4707: gcc -c -g  conftest.c >&5
configure:4707: $? = 0
configure:4725: gcc -c -g  conftest.c >&5
conftest.c: In function 'main':
conftest.c:32:4: error: unknown type name 'not'; did you mean 'ino_t'?
    not big endian
    ^~~
    ino_t
conftest.c:32:12: error: expected '=', ',', ';', 'asm' or '__attribute__' before 'endian'
    not big endian
            ^~~~~~
configure:4725: $? = 1
configure: failed program was:
| /* confdefs.h */
| #define PACKAGE_NAME ""
| #define PACKAGE_TARNAME ""
| #define PACKAGE_VERSION ""
| #define PACKAGE_STRING ""
| #define PACKAGE_BUGREPORT ""
| #define PACKAGE_URL ""
| #define MAGIC_VERSION "8.2"
| #define MAGIC_REVISION "172"
| #define STDC_HEADERS 1
| #define HAVE_SYS_TYPES_H 1
| #define HAVE_SYS_STAT_H 1
| #define HAVE_STDLIB_H 1
| #define HAVE_STRING_H 1
| #define HAVE_MEMORY_H 1
| #define HAVE_STRINGS_H 1
| #define HAVE_INTTYPES_H 1
| #define HAVE_STDINT_H 1
| #define HAVE_UNISTD_H 1
| #define SIZEOF_VOID_P 8
| #define SIZEOF_UNSIGNED_INT 4
| #define SIZEOF_UNSIGNED_LONG 8
| #define SIZEOF_UNSIGNED_LONG_LONG 8
| /* end confdefs.h.  */
| #include <sys/types.h>
| 		#include <sys/param.h>
| 
| int
| main ()
| {
| #if BYTE_ORDER != BIG_ENDIAN
| 		 not big endian
| 		#endif
| 
|   ;
|   return 0;
| }
configure:4853: result: no
configure:4872: checking for ANSI C header files
configure:4976: result: yes
configure:4988: checking for setenv
configure:4988: gcc -o conftest -g   conftest.c  >&5
configure:4988: $? = 0
configure:4988: result: yes
configure:4988: checking for putenv
configure:4988: gcc -o conftest -g   conftest.c  >&5
configure:4988: $? = 0
configure:4988: result: yes
configure:4998: checking for vfork
configure:4998: gcc -o conftest -g   conftest.c  >&5
configure:4998: $? = 0
configure:4998: result: yes
configure:5006: checking sys/mman.h usability
configure:5006: gcc -c -g  conftest.c >&5
configure:5006: $? = 0
configure:5006: result: yes
configure:5006: checking sys/mman.h presence
configure:5006: gcc -E  conftest.c
configure:5006: $? = 0
configure:5006: result: yes
configure:5006: checking for sys/mman.h
configure:5006: result: yes
configure:5019: checking dirent.h usability
configure:5019: gcc -c -g  conftest.c >&5
configure:5019: $? = 0
configure:5019: result: yes
configure:5019: checking dirent.h presence
configure:5019: gcc -E  conftest.c
configure:5019: $? = 0
configure:5019: result: yes
configure:5019: checking for dirent.h
configure:5019: result: yes
configure:5032: checking limits.h usability
configure:5032: gcc -c -g  conftest.c >&5
configure:5032: $? = 0
configure:5032: result: yes
configure:5032: checking limits.h presence
configure:5032: gcc -E  conftest.c
configure:5032: $? = 0
configure:5032: result: yes
configure:5032: checking for limits.h
configure:5032: result: yes
configure:5045: checking param.h usability
configure:5045: gcc -c -g  conftest.c >&5
conftest.c:64:10: fatal error: param.h: No such file or directory
 #include <param.h>
          ^~~~~~~~~
compilation terminated.
configure:5045: $? = 1
configure: failed program was:
| /* confdefs.h */
| #define PACKAGE_NAME ""
| #define PACKAGE_TARNAME ""
| #define PACKAGE_VERSION ""
| #define PACKAGE_STRING ""
| #define PACKAGE_BUGREPORT ""
| #define PACKAGE_URL ""
| #define MAGIC_VERSION "8.2"
| #define MAGIC_REVISION "172"
| #define STDC_HEADERS 1
| #define HAVE_SYS_TYPES_H 1
| #define HAVE_SYS_STAT_H 1
| #define HAVE_STDLIB_H 1
| #define HAVE_STRING_H 1
| #define HAVE_MEMORY_H 1
| #define HAVE_STRINGS_H 1
| #define HAVE_INTTYPES_H 1
| #define HAVE_STDINT_H 1
| #define HAVE_UNISTD_H 1
| #define SIZEOF_VOID_P 8
| #define SIZEOF_UNSIGNED_INT 4
| #define SIZEOF_UNSIGNED_LONG 8
| #define SIZEOF_UNSIGNED_LONG_LONG 8
| #define STDC_HEADERS 1
| #define HAVE_SETENV 1
| #define HAVE_PUTENV 1
| #define HAVE_SYS_MMAN_H 1
| #define HAVE_DIRENT_H 1
| #define HAVE_LIMITS_H 1
| /* end confdefs.h.  */
| #include <stdio.h>
| #ifdef HAVE_SYS_TYPES_H
| # include <sys/types.h>
| #endif
| #ifdef HAVE_SYS_STAT_H
| # include <sys/stat.h>
| #endif
| #ifdef STDC_HEADERS
| # include <stdlib.h>
| # include <stddef.h>
| #else
| # ifdef HAVE_STDLIB_H
| #  include <stdlib.h>
| # endif
| #endif
| #ifdef HAVE_STRING_H
| # if !defined STDC_HEADERS && defined HAVE_MEMORY_H
| #  include <memory.h>
| # endif
| # include <string.h>
| #endif
| #ifdef HAVE_STRINGS_H
| # include <strings.h>
| #endif
| #ifdef HAVE_INTTYPES_H
| # include <inttypes.h>
| #endif
| #ifdef HAVE_STDINT_H
| # include <stdint.h>
| #endif
| #ifdef HAVE_UNISTD_H
| # include <unistd.h>
| #endif
| #include <param.h>
configure:5045: result: no
configure:5045: checking param.h presence
configure:5045: gcc -E  conftest.c
conftest.c:31:10: fatal error: param.h: No such file or directory
 #include <param.h>
          ^~~~~~~~~
compilation terminated.
configure:5045: $? = 1
configure: failed program was:
| /* confdefs.h */
| #define PACKAGE_NAME ""
| #define PACKAGE_TARNAME ""
| #define PACKAGE_VERSION ""
| #define PACKAGE_STRING ""
| #define PACKAGE_BUGREPORT ""
| #define PACKAGE_URL ""
| #define MAGIC_VERSION "8.2"
| #define MAGIC_REVISION "172"
| #define STDC_HEADERS 1
| #define HAVE_SYS_TYPES_H 1
| #define HAVE_SYS_STAT_H 1
| #define HAVE_STDLIB_H 1
| #define HAVE_STRING_H 1
| #define HAVE_MEMORY_H 1
| #define HAVE_STRINGS_H 1
| #define HAVE_INTTYPES_H 1
| #define HAVE_STDINT_H 1
| #define HAVE_UNISTD_H 1
| #define SIZEOF_VOID_P 8
| #define SIZEOF_UNSIGNED_INT 4
| #define SIZEOF_UNSIGNED_LONG 8
| #define SIZEOF_UNSIGNED_LONG_LONG 8
| #define STDC_HEADERS 1
| #define HAVE_SETENV 1
| #define HAVE_PUTENV 1
| #define HAVE_SYS_MMAN_H 1
| #define HAVE_DIRENT_H 1
| #define HAVE_LIMITS_H 1
| /* end confdefs.h.  */
| #include <param.h>
configure:5045: result: no
configure:5045: checking for param.h
configure:5045: result: no
configure:5058: checking paths.h usability
configure:5058: gcc -c -g  conftest.c >&5
configure:5058: $? = 0
configure:5058: result: yes
configure:5058: checking paths.h presence
configure:5058: gcc -E  conftest.c
configure:5058: $? = 0
configure:5058: result: yes
configure:5058: checking for paths.h
configure:5058: result: yes
configure:5069: checking for va_copy
configure:5087: gcc -o conftest -g   conftest.c  >&5
configure:5087: $? = 0
configure:5096: result: yes
configure:5104: checking for __va_copy
configure:5122: gcc -o conftest -g   conftest.c  >&5
configure:5122: $? = 0
configure:5131: result: yes
configure:5347: checking for gcore
configure:5365: found /usr/bin/gcore
configure:5378: result: /usr/bin/gcore
configure:5390: checking for csh
configure:5408: found /bin/csh
configure:5421: result: /bin/csh
configure:5435: checking for X
configure:5543: gcc -E  conftest.c
configure:5543: $? = 0
configure:5574: gcc -o conftest -g   conftest.c -lX11  >&5
configure:5574: $? = 0
configure:5624: result: libraries , headers 
configure:5723: gcc -o conftest -g   conftest.c   -lX11 >&5
configure:5723: $? = 0
configure:5821: checking for gethostbyname
configure:5821: gcc -o conftest -g   conftest.c  >&5
configure:5821: $? = 0
configure:5821: result: yes
configure:5918: checking for connect
configure:5918: gcc -o conftest -g   conftest.c  >&5
configure:5918: $? = 0
configure:5918: result: yes
configure:5967: checking for remove
configure:5967: gcc -o conftest -g   conftest.c  >&5
configure:5967: $? = 0
configure:5967: result: yes
configure:6016: checking for shmat
configure:6016: gcc -o conftest -g   conftest.c  >&5
configure:6016: $? = 0
configure:6016: result: yes
configure:6074: checking for IceConnectionNumber in -lICE
configure:6099: gcc -o conftest -g   conftest.c -lICE   >&5
configure:6099: $? = 0
configure:6108: result: yes
configure:6144: checking for XOpenDevice in -lXi
configure:6169: gcc -o conftest -g   conftest.c -lXi   >&5
/usr/bin/ld: cannot find -lXi
collect2: error: ld returned 1 exit status
configure:6169: $? = 1
configure: failed program was:
| /* confdefs.h */
| #define PACKAGE_NAME ""
| #define PACKAGE_TARNAME ""
| #define PACKAGE_VERSION ""
| #define PACKAGE_STRING ""
| #define PACKAGE_BUGREPORT ""
| #define PACKAGE_URL ""
| #define MAGIC_VERSION "8.2"
| #define MAGIC_REVISION "172"
| #define STDC_HEADERS 1
| #define HAVE_SYS_TYPES_H 1
| #define HAVE_SYS_STAT_H 1
| #define HAVE_STDLIB_H 1
| #define HAVE_STRING_H 1
| #define HAVE_MEMORY_H 1
| #define HAVE_STRINGS_H 1
| #define HAVE_INTTYPES_H 1
| #define HAVE_STDINT_H 1
| #define HAVE_UNISTD_H 1
| #define SIZEOF_VOID_P 8
| #define SIZEOF_UNSIGNED_INT 4
| #define SIZEOF_UNSIGNED_LONG 8
| #define SIZEOF_UNSIGNED_LONG_LONG 8
| #define STDC_HEADERS 1
| #define HAVE_SETENV 1
| #define HAVE_PUTENV 1
| #define HAVE_SYS_MMAN_H 1
| #define HAVE_DIRENT_H 1
| #define HAVE_LIMITS_H 1
| #define HAVE_PATHS_H 1
| #define HAVE_VA_COPY 1
| #define HAVE___VA_COPY 1
| /* end confdefs.h.  */
| 
| /* Override any GCC internal prototype to avoid an error.
|    Use char because int might match the return type of a GCC
|    builtin and then its argument prototype would still apply.  */
| #ifdef __cplusplus
| extern "C"
| #endif
| char XOpenDevice ();
| int
| main ()
| {
| return XOpenDevice ();
|   ;
|   return 0;
| }
configure:6178: result: no
configure:6184: checking for XmuInternAtom in -lXmu
configure:6209: gcc -o conftest -g   conftest.c -lXmu   >&5
/usr/bin/ld: cannot find -lXmu
collect2: error: ld returned 1 exit status
configure:6209: $? = 1
configure: failed program was:
| /* confdefs.h */
| #define PACKAGE_NAME ""
| #define PACKAGE_TARNAME ""
| #define PACKAGE_VERSION ""
| #define PACKAGE_STRING ""
| #define PACKAGE_BUGREPORT ""
| #define PACKAGE_URL ""
| #define MAGIC_VERSION "8.2"
| #define MAGIC_REVISION "172"
| #define STDC_HEADERS 1
| #define HAVE_SYS_TYPES_H 1
| #define HAVE_SYS_STAT_H 1
| #define HAVE_STDLIB_H 1
| #define HAVE_STRING_H 1
| #define HAVE_MEMORY_H 1
| #define HAVE_STRINGS_H 1
| #define HAVE_INTTYPES_H 1
| #define HAVE_STDINT_H 1
| #define HAVE_UNISTD_H 1
| #define SIZEOF_VOID_P 8
| #define SIZEOF_UNSIGNED_INT 4
| #define SIZEOF_UNSIGNED_LONG 8
| #define SIZEOF_UNSIGNED_LONG_LONG 8
| #define STDC_HEADERS 1
| #define HAVE_SETENV 1
| #define HAVE_PUTENV 1
| #define HAVE_SYS_MMAN_H 1
| #define HAVE_DIRENT_H 1
| #define HAVE_LIMITS_H 1
| #define HAVE_PATHS_H 1
| #define HAVE_VA_COPY 1
| #define HAVE___VA_COPY 1
| /* end confdefs.h.  */
| 
| /* Override any GCC internal prototype to avoid an error.
|    Use char because int might match the return type of a GCC
|    builtin and then its argument prototype would still apply.  */
| #ifdef __cplusplus
| extern "C"
| #endif
| char XmuInternAtom ();
| int
| main ()
| {
| return XmuInternAtom ();
|   ;
|   return 0;
| }
configure:6218: result: no
configure:6224: checking for XextFindDisplay in -lXext
configure:6249: gcc -o conftest -g   conftest.c -lXext   >&5
configure:6249: $? = 0
configure:6258: result: yes
configure:6338: checking for tclConfig.sh
configure:6412: result: /usr/lib/tcl8.6/tclConfig.sh
configure:6428: checking for tkConfig.sh
configure:6501: result: /usr/lib/tk8.6/tkConfig.sh
configure:6635: checking for wish executable
configure:6663: result: /usr/bin/wish
configure:6669: checking for tclsh executable
configure:6695: result: /usr/bin/tclsh
configure:7404: checking GL/gl.h usability
configure:7404: gcc -c -g   conftest.c >&5
configure:7404: $? = 0
configure:7404: result: yes
configure:7404: checking GL/gl.h presence
configure:7404: gcc -E   conftest.c
configure:7404: $? = 0
configure:7404: result: yes
configure:7404: checking for GL/gl.h
configure:7404: result: yes
configure:7422: checking for glXCreateContext in -lGL
configure:7447: gcc -o conftest -g     -lm conftest.c -lGL   >&5
configure:7447: $? = 0
configure:7456: result: yes
configure:7472: checking for gluNewTess in -lGLU
configure:7497: gcc -o conftest -g     -lm conftest.c -lGLU  -lGL  >&5
configure:7497: $? = 0
configure:7506: result: yes
configure:7557: checking cairo/cairo.h usability
configure:7557: gcc -c -g   conftest.c >&5
conftest.c:77:10: fatal error: cairo/cairo.h: No such file or directory
 #include <cairo/cairo.h>
          ^~~~~~~~~~~~~~~
compilation terminated.
configure:7557: $? = 1
configure: failed program was:
| /* confdefs.h */
| #define PACKAGE_NAME ""
| #define PACKAGE_TARNAME ""
| #define PACKAGE_VERSION ""
| #define PACKAGE_STRING ""
| #define PACKAGE_BUGREPORT ""
| #define PACKAGE_URL ""
| #define MAGIC_VERSION "8.2"
| #define MAGIC_REVISION "172"
| #define STDC_HEADERS 1
| #define HAVE_SYS_TYPES_H 1
| #define HAVE_SYS_STAT_H 1
| #define HAVE_STDLIB_H 1
| #define HAVE_STRING_H 1
| #define HAVE_MEMORY_H 1
| #define HAVE_STRINGS_H 1
| #define HAVE_INTTYPES_H 1
| #define HAVE_STDINT_H 1
| #define HAVE_UNISTD_H 1
| #define SIZEOF_VOID_P 8
| #define SIZEOF_UNSIGNED_INT 4
| #define SIZEOF_UNSIGNED_LONG 8
| #define SIZEOF_UNSIGNED_LONG_LONG 8
| #define STDC_HEADERS 1
| #define HAVE_SETENV 1
| #define HAVE_PUTENV 1
| #define HAVE_SYS_MMAN_H 1
| #define HAVE_DIRENT_H 1
| #define HAVE_LIMITS_H 1
| #define HAVE_PATHS_H 1
| #define HAVE_VA_COPY 1
| #define HAVE___VA_COPY 1
| #define FILE_LOCKS 1
| #define CALMA_MODULE 1
| #define CIF_MODULE 1
| #define PLOT_MODULE 1
| #define LEF_MODULE 1
| #define ROUTE_MODULE 1
| #define USE_NEW_MACROS 1
| #define HAVE_LIBGL 1
| #define HAVE_LIBGLU 1
| #define VECTOR_FONTS 1
| /* end confdefs.h.  */
| #include <stdio.h>
| #ifdef HAVE_SYS_TYPES_H
| # include <sys/types.h>
| #endif
| #ifdef HAVE_SYS_STAT_H
| # include <sys/stat.h>
| #endif
| #ifdef STDC_HEADERS
| # include <stdlib.h>
| # include <stddef.h>
| #else
| # ifdef HAVE_STDLIB_H
| #  include <stdlib.h>
| # endif
| #endif
| #ifdef HAVE_STRING_H
| # if !defined STDC_HEADERS && defined HAVE_MEMORY_H
| #  include <memory.h>
| # endif
| # include <string.h>
| #endif
| #ifdef HAVE_STRINGS_H
| # include <strings.h>
| #endif
| #ifdef HAVE_INTTYPES_H
| # include <inttypes.h>
| #endif
| #ifdef HAVE_STDINT_H
| # include <stdint.h>
| #endif
| #ifdef HAVE_UNISTD_H
| # include <unistd.h>
| #endif
| #include <cairo/cairo.h>
configure:7557: result: no
configure:7557: checking cairo/cairo.h presence
configure:7557: gcc -E   conftest.c
conftest.c:44:10: fatal error: cairo/cairo.h: No such file or directory
 #include <cairo/cairo.h>
          ^~~~~~~~~~~~~~~
compilation terminated.
configure:7557: $? = 1
configure: failed program was:
| /* confdefs.h */
| #define PACKAGE_NAME ""
| #define PACKAGE_TARNAME ""
| #define PACKAGE_VERSION ""
| #define PACKAGE_STRING ""
| #define PACKAGE_BUGREPORT ""
| #define PACKAGE_URL ""
| #define MAGIC_VERSION "8.2"
| #define MAGIC_REVISION "172"
| #define STDC_HEADERS 1
| #define HAVE_SYS_TYPES_H 1
| #define HAVE_SYS_STAT_H 1
| #define HAVE_STDLIB_H 1
| #define HAVE_STRING_H 1
| #define HAVE_MEMORY_H 1
| #define HAVE_STRINGS_H 1
| #define HAVE_INTTYPES_H 1
| #define HAVE_STDINT_H 1
| #define HAVE_UNISTD_H 1
| #define SIZEOF_VOID_P 8
| #define SIZEOF_UNSIGNED_INT 4
| #define SIZEOF_UNSIGNED_LONG 8
| #define SIZEOF_UNSIGNED_LONG_LONG 8
| #define STDC_HEADERS 1
| #define HAVE_SETENV 1
| #define HAVE_PUTENV 1
| #define HAVE_SYS_MMAN_H 1
| #define HAVE_DIRENT_H 1
| #define HAVE_LIMITS_H 1
| #define HAVE_PATHS_H 1
| #define HAVE_VA_COPY 1
| #define HAVE___VA_COPY 1
| #define FILE_LOCKS 1
| #define CALMA_MODULE 1
| #define CIF_MODULE 1
| #define PLOT_MODULE 1
| #define LEF_MODULE 1
| #define ROUTE_MODULE 1
| #define USE_NEW_MACROS 1
| #define HAVE_LIBGL 1
| #define HAVE_LIBGLU 1
| #define VECTOR_FONTS 1
| /* end confdefs.h.  */
| #include <cairo/cairo.h>
configure:7557: result: no
configure:7557: checking for cairo/cairo.h
configure:7557: result: no
configure:8417: creating ./config.status

## ---------------------- ##
## Running config.status. ##
## ---------------------- ##

This file was extended by config.status, which was
generated by GNU Autoconf 2.69.  Invocation command line was

  CONFIG_FILES    = 
  CONFIG_HEADERS  = 
  CONFIG_LINKS    = 
  CONFIG_COMMANDS = 
  $ ./config.status 

on kartik-VirtualBox

config.status:801: creating defs.mak
config.status:904: WARNING:  'defs.mak.in' seems to ignore the --datarootdir setting

## ---------------- ##
## Cache variables. ##
## ---------------- ##

ac_cv_build=x86_64-unknown-linux-gnu
ac_cv_c___va_copy=yes
ac_cv_c_bigendian=no
ac_cv_c_compiler_gnu=yes
ac_cv_c_va_copy=yes
ac_cv_cxx_compiler_gnu=yes
ac_cv_env_CCC_set=
ac_cv_env_CCC_value=
ac_cv_env_CC_set=
ac_cv_env_CC_value=
ac_cv_env_CFLAGS_set=set
ac_cv_env_CFLAGS_value=-g
ac_cv_env_CPPFLAGS_set=
ac_cv_env_CPPFLAGS_value=
ac_cv_env_CPP_set=
ac_cv_env_CPP_value=
ac_cv_env_CXXFLAGS_set=
ac_cv_env_CXXFLAGS_value=
ac_cv_env_CXX_set=
ac_cv_env_CXX_value=
ac_cv_env_LDFLAGS_set=
ac_cv_env_LDFLAGS_value=
ac_cv_env_LIBS_set=
ac_cv_env_LIBS_value=
ac_cv_env_XMKMF_set=
ac_cv_env_XMKMF_value=
ac_cv_env_build_alias_set=
ac_cv_env_build_alias_value=
ac_cv_env_host_alias_set=
ac_cv_env_host_alias_value=
ac_cv_env_target_alias_set=
ac_cv_env_target_alias_value=
ac_cv_func_connect=yes
ac_cv_func_gethostbyname=yes
ac_cv_func_putenv=yes
ac_cv_func_remove=yes
ac_cv_func_setenv=yes
ac_cv_func_shmat=yes
ac_cv_func_vfork=yes
ac_cv_have_x='have_x=yes	ac_x_includes='\'''\''	ac_x_libraries='\'''\'''
ac_cv_header_GL_gl_h=yes
ac_cv_header_cairo_cairo_h=no
ac_cv_header_dirent_h=yes
ac_cv_header_inttypes_h=yes
ac_cv_header_limits_h=yes
ac_cv_header_memory_h=yes
ac_cv_header_param_h=no
ac_cv_header_paths_h=yes
ac_cv_header_stdc=yes
ac_cv_header_stdint_h=yes
ac_cv_header_stdlib_h=yes
ac_cv_header_string_h=yes
ac_cv_header_strings_h=yes
ac_cv_header_sys_mman_h=yes
ac_cv_header_sys_stat_h=yes
ac_cv_header_sys_types_h=yes
ac_cv_header_unistd_h=yes
ac_cv_host=x86_64-unknown-linux-gnu
ac_cv_lib_GLU_gluNewTess=yes
ac_cv_lib_GL_glXCreateContext=yes
ac_cv_lib_ICE_IceConnectionNumber=yes
ac_cv_lib_Xext_XextFindDisplay=yes
ac_cv_lib_Xi_XOpenDevice=no
ac_cv_lib_Xmu_XmuInternAtom=no
ac_cv_objext=o
ac_cv_path_CSH=/bin/csh
ac_cv_path_EGREP='/bin/grep -E'
ac_cv_path_GCORE=/usr/bin/gcore
ac_cv_path_GREP=/bin/grep
ac_cv_path_LD=/usr/bin/ld
ac_cv_path_M4=/usr/bin/m4
ac_cv_path_PYTHON3=/usr/bin/python3
ac_cv_path_install='/usr/bin/install -c'
ac_cv_prog_CPP='gcc -E'
ac_cv_prog_ac_ct_CC=gcc
ac_cv_prog_ac_ct_CXX=g++
ac_cv_prog_ac_ct_RANLIB=ranlib
ac_cv_prog_cc_c89=
ac_cv_prog_cc_g=yes
ac_cv_prog_cxx_g=yes
ac_cv_prog_gnu_ld=yes
ac_cv_search_strerror='none required'
ac_cv_sizeof_unsigned_int=4
ac_cv_sizeof_unsigned_long=8
ac_cv_sizeof_unsigned_long_long=8
ac_cv_sizeof_void_p=8
ac_cv_target=x86_64-unknown-linux-gnu

## ----------------- ##
## Output variables. ##
## ----------------- ##

ALL_TARGET='tcl'
CC='gcc'
CFLAGS='-g -m64 -fPIC'
CPP='gcc -E'
CPPFLAGS=''
CSH='/bin/csh'
CXX='g++'
CXXFLAGS='-g -O2'
DEFS='-DPACKAGE_NAME=\"\" -DPACKAGE_TARNAME=\"\" -DPACKAGE_VERSION=\"\" -DPACKAGE_STRING=\"\" -DPACKAGE_BUGREPORT=\"\" -DPACKAGE_URL=\"\" -DMAGIC_VERSION=\"8.2\" -DMAGIC_REVISION=\"172\" -DSTDC_HEADERS=1 -DHAVE_SYS_TYPES_H=1 -DHAVE_SYS_STAT_H=1 -DHAVE_STDLIB_H=1 -DHAVE_STRING_H=1 -DHAVE_MEMORY_H=1 -DHAVE_STRINGS_H=1 -DHAVE_INTTYPES_H=1 -DHAVE_STDINT_H=1 -DHAVE_UNISTD_H=1 -DSIZEOF_VOID_P=8 -DSIZEOF_UNSIGNED_INT=4 -DSIZEOF_UNSIGNED_LONG=8 -DSIZEOF_UNSIGNED_LONG_LONG=8 -DSTDC_HEADERS=1 -DHAVE_SETENV=1 -DHAVE_PUTENV=1 -DHAVE_SYS_MMAN_H=1 -DHAVE_DIRENT_H=1 -DHAVE_LIMITS_H=1 -DHAVE_PATHS_H=1 -DHAVE_VA_COPY=1 -DHAVE___VA_COPY=1 -DFILE_LOCKS=1 -DCALMA_MODULE=1 -DCIF_MODULE=1 -DPLOT_MODULE=1 -DLEF_MODULE=1 -DROUTE_MODULE=1 -DUSE_NEW_MACROS=1 -DHAVE_LIBGL=1 -DHAVE_LIBGLU=1 -DVECTOR_FONTS=1 -DMAGIC_WRAPPER=1 -DTHREE_D=1 -Dlinux=1 -DSYSV=1 -DISC=1'
DEPEND_FLAG='-MM'
ECHO_C=''
ECHO_N='printf'
ECHO_T=''
EGREP='/bin/grep -E'
EXEEXT=''
EXTRA_LIB_SPECS='-ldl'
GCORE='/usr/bin/gcore'
GREP='/bin/grep'
INC_SPECS=' -I/usr/include/tcl8.6/tk-private/generic -I/usr/include/tcl8.6'
INSTALL_DATA='${INSTALL} -m 644'
INSTALL_PROGRAM='${INSTALL}'
INSTALL_SCRIPT='${INSTALL}'
INSTALL_TARGET='install-tcl'
LD='/usr/bin/ld'
LDDL_FLAGS='-shared -Wl,-soname,$@ -Wl,--version-script=${MAGICDIR}/magic/symbol.map'
LDFLAGS=''
LD_RUN_PATH=''
LIBOBJS=''
LIBS='-lGLU -lGL '
LIB_SPECS=' -L/usr/lib/x86_64-linux-gnu -ltkstub8.6 -L/usr/lib/x86_64-linux-gnu -ltclstub8.6'
LIB_SPECS_NOSTUB=' -L/usr/lib/x86_64-linux-gnu -ltk8.6 -L/usr/lib/x86_64-linux-gnu -ltcl8.6'
LTLIBOBJS=''
M4='/usr/bin/m4'
MAGIC_REVISION='172'
MAGIC_VERSION='8.2'
MCPP='${MAGICDIR}/scripts/preproc.py'
OA=''
OA_LIBS=''
OBJEXT='o'
PACKAGE='magic'
PACKAGE_BUGREPORT=''
PACKAGE_NAME=''
PACKAGE_STRING=''
PACKAGE_TARNAME=''
PACKAGE_URL=''
PACKAGE_VERSION=''
PATH_SEPARATOR=':'
PYTHON3='/usr/bin/python3'
RANLIB='ranlib'
SCPP='gcc -E -x c'
SCRIPTS=''
SHDLIB_EXT='.so'
SHELL='/bin/bash'
SHLIB_CFLAGS='-Wimplicit-int -fPIC'
SHLIB_LD=''
SHLIB_LIB_SPECS=''
TCLSH_EXE='/usr/bin/tclsh'
TCL_LIB_DIR='/usr/lib'
WISH_EXE='/usr/bin/wish'
XMKMF=''
X_CFLAGS=''
X_EXTRA_LIBS=''
X_LIBS=''
X_PRE_LIBS=' -lSM -lICE'
ac_ct_CC='gcc'
ac_ct_CXX='g++'
bindir='${exec_prefix}/bin'
build='x86_64-unknown-linux-gnu'
build_alias=''
build_cpu='x86_64'
build_os='linux-gnu'
build_vendor='unknown'
cadinstall=' graphics tcltk'
datadir='${datarootdir}'
datarootdir='${prefix}/share'
docdir='${datarootdir}/doc/${PACKAGE}'
dvidir='${docdir}'
exec_prefix='${prefix}'
extra_defs=' -DCAD_DIR=\"${LIBDIR}\" -DBIN_DIR=\"${BINDIR}\" -DTCL_DIR=\"${TCLDIR}\"'
extra_libs=' ${MAGICDIR}/ext2sim/libext2sim.o ${MAGICDIR}/ext2spice/libext2spice.o ${MAGICDIR}/calma/libcalma.o ${MAGICDIR}/cif/libcif.o ${MAGICDIR}/plot/libplot.o ${MAGICDIR}/lef/liblef.o ${MAGICDIR}/extflat/libextflat.o ${MAGICDIR}/garouter/libgarouter.o 	${MAGICDIR}/mzrouter/libmzrouter.o ${MAGICDIR}/router/librouter.o 	${MAGICDIR}/irouter/libirouter.o ${MAGICDIR}/grouter/libgrouter.o 	${MAGICDIR}/gcr/libgcr.o ${MAGICDIR}/tcltk/libtcltk.o'
gr_cflags=''
gr_dflags=' -DX11 -DXLIB -DOGL'
gr_hprog=''
gr_hsrcs=''
gr_libs=' -lX11 -lGL -lGLU   -lXext -lm -lstdc++'
gr_srcs=' ${TK_SRCS} ${TOGL_SRCS} ${TKCOMMON_SRCS}'
host='x86_64-unknown-linux-gnu'
host_alias=''
host_cpu='x86_64'
host_os='linux-gnu'
host_vendor='unknown'
htmldir='${docdir}'
includedir='${prefix}/include'
infodir='${datarootdir}/info'
ld_extra_libs=''
ld_extra_objs=''
libdir='${exec_prefix}/lib'
libexecdir='${exec_prefix}/libexec'
localedir='${datarootdir}/locale'
localstatedir='${prefix}/var'
mandir='${datarootdir}/man'
modules=' ext2sim ext2spice calma cif plot lef garouter grouter irouter mzrouter router gcr tcltk'
oldincludedir='/usr/include'
pdfdir='${docdir}'
prefix='/usr/local'
program_transform_name='s,x,x,'
programs=' net2ir tcltk'
psdir='${docdir}'
rl_defs=''
rl_libs=''
sbindir='${exec_prefix}/sbin'
sharedstatedir='${prefix}/com'
stub_defs=' -DUSE_TCL_STUBS -DUSE_TK_STUBS'
sub_extra_libs=''
sysconfdir='${prefix}/etc'
target='x86_64-unknown-linux-gnu'
target_alias=''
target_cpu='x86_64'
target_os='linux-gnu'
target_vendor='unknown'
top_extra_libs=''
unused=' readline lisp'

## ----------- ##
## confdefs.h. ##
## ----------- ##

/* confdefs.h */
#define PACKAGE_NAME ""
#define PACKAGE_TARNAME ""
#define PACKAGE_VERSION ""
#define PACKAGE_STRING ""
#define PACKAGE_BUGREPORT ""
#define PACKAGE_URL ""
#define MAGIC_VERSION "8.2"
#define MAGIC_REVISION "172"
#define STDC_HEADERS 1
#define HAVE_SYS_TYPES_H 1
#define HAVE_SYS_STAT_H 1
#define HAVE_STDLIB_H 1
#define HAVE_STRING_H 1
#define HAVE_MEMORY_H 1
#define HAVE_STRINGS_H 1
#define HAVE_INTTYPES_H 1
#define HAVE_STDINT_H 1
#define HAVE_UNISTD_H 1
#define SIZEOF_VOID_P 8
#define SIZEOF_UNSIGNED_INT 4
#define SIZEOF_UNSIGNED_LONG 8
#define SIZEOF_UNSIGNED_LONG_LONG 8
#define STDC_HEADERS 1
#define HAVE_SETENV 1
#define HAVE_PUTENV 1
#define HAVE_SYS_MMAN_H 1
#define HAVE_DIRENT_H 1
#define HAVE_LIMITS_H 1
#define HAVE_PATHS_H 1
#define HAVE_VA_COPY 1
#define HAVE___VA_COPY 1
#define FILE_LOCKS 1
#define CALMA_MODULE 1
#define CIF_MODULE 1
#define PLOT_MODULE 1
#define LEF_MODULE 1
#define ROUTE_MODULE 1
#define USE_NEW_MACROS 1
#define HAVE_LIBGL 1
#define HAVE_LIBGLU 1
#define VECTOR_FONTS 1
#define MAGIC_WRAPPER 1
#define THREE_D 1
#define linux 1
#define SYSV 1
#define ISC 1

configure: exit 0
